<?xml version="1.0" encoding="UTF-8"?>
<testsuite name="test.java.SpaceNodeTest" tests="9" skipped="0" failures="0" errors="0" timestamp="2015-03-13T16:40:53" hostname="dBOT" time="0.016">
  <properties/>
  <testcase name="spaceNodeCanGetandSetBottomNode" classname="test.java.SpaceNodeTest" time="0.0"/>
  <testcase name="spaceNodeCanSetReferencesToNull" classname="test.java.SpaceNodeTest" time="0.0"/>
  <testcase name="spaceNodeHasToStringForNodeReferences" classname="test.java.SpaceNodeTest" time="0.0"/>
  <testcase name="spaceNodeCanBeConstructed" classname="test.java.SpaceNodeTest" time="0.0"/>
  <testcase name="spaceNodeCanGetandSetTopNode" classname="test.java.SpaceNodeTest" time="0.0"/>
  <testcase name="spaceNodeCanSetCoordinates" classname="test.java.SpaceNodeTest" time="0.0"/>
  <testcase name="spaceNodeCanGetAndSetLeftNode" classname="test.java.SpaceNodeTest" time="0.0"/>
  <testcase name="spaceNodeCanGetCoordinates" classname="test.java.SpaceNodeTest" time="0.0"/>
  <testcase name="spaceNodeCanGetandSetRightNode" classname="test.java.SpaceNodeTest" time="0.0"/>
  <system-out><![CDATA[]]></system-out>
  <system-err><![CDATA[]]></system-err>
</testsuite>
