<?xml version="1.0" encoding="UTF-8"?>
<testsuite name="test.java.PlayerTest" tests="4" skipped="0" failures="0" errors="0" timestamp="2015-03-13T16:40:53" hostname="dBOT" time="0.0">
  <properties/>
  <testcase name="playerCanDisplayWinningSpaceFromIndexNumber" classname="test.java.PlayerTest" time="0.0"/>
  <testcase name="playerHasWinningSpaces" classname="test.java.PlayerTest" time="0.0"/>
  <testcase name="playerCanBeConstructed" classname="test.java.PlayerTest" time="0.0"/>
  <testcase name="playerCanGetWallsLeft" classname="test.java.PlayerTest" time="0.0"/>
  <system-out><![CDATA[]]></system-out>
  <system-err><![CDATA[]]></system-err>
</testsuite>
